<?xml version="1.0" encoding="UTF-8"?>
<!-- Generated by org.testng.reporters.JUnitReportReporter -->
<testsuite hostname="PT-CTL-040" failures="0" tests="3" name="com.ros.qa.testCases.LoginPageTest" time="34.473" errors="0" timestamp="2021-07-27T19:22:02 IST" skipped="0">
  <testcase classname="com.ros.qa.testCases.LoginPageTest" name="tearDown" time="10.130"/>
  <system-out/>
  <testcase classname="com.ros.qa.testCases.LoginPageTest" name="loginTest" time="10.578"/>
  <system-out/>
  <testcase classname="com.ros.qa.testCases.LoginPageTest" name="verifyHomePagetitle" time="13.765"/>
  <system-out/>
</testsuite> <!-- com.ros.qa.testCases.LoginPageTest -->
