<?xml version="1.0" encoding="UTF-8"?>
<!-- Generated by org.testng.reporters.JUnitReportReporter -->
<testsuite hostname="PT-CTL-040" failures="0" tests="1" name="com.ros.qa.testCases.LandingPageTest" time="9.359" errors="0" timestamp="2021-07-27T19:24:41 IST" skipped="0">
  <testcase classname="com.ros.qa.testCases.LandingPageTest" name="landingPageTitleTest" time="9.359"/>
  <system-out/>
</testsuite> <!-- com.ros.qa.testCases.LandingPageTest -->
